{"/home/saud/stuff/projects/app/backend/src/modules/queue/domain/doctor.ts": {"path":"/home/saud/stuff/projects/app/backend/src/modules/queue/domain/doctor.ts","statementMap":{"0":{"start":{"line":1,"column":0},"end":{"line":1,"column":59}},"1":{"start":{"line":2,"column":0},"end":{"line":2,"column":46}},"2":{"start":{"line":3,"column":0},"end":{"line":3,"column":69}},"3":{"start":{"line":5,"column":0},"end":{"line":5,"column":38}},"4":{"start":{"line":6,"column":0},"end":{"line":6,"column":55}},"5":{"start":{"line":7,"column":0},"end":{"line":7,"column":75}},"6":{"start":{"line":16,"column":8},"end":{"line":16,"column":52}},"7":{"start":{"line":19,"column":8},"end":{"line":19,"column":33}},"8":{"start":{"line":23,"column":8},"end":{"line":23,"column":25}},"9":{"start":{"line":27,"column":35},"end":{"line":27,"column":79}},"10":{"start":{"line":29,"column":8},"end":{"line":29,"column":46}},"11":{"start":{"line":33,"column":37},"end":{"line":33,"column":83}},"12":{"start":{"line":35,"column":8},"end":{"line":35,"column":48}},"13":{"start":{"line":36,"column":8},"end":{"line":36,"column":63}},"14":{"start":{"line":40,"column":34},"end":{"line":40,"column":77}},"15":{"start":{"line":41,"column":8},"end":{"line":41,"column":45}},"16":{"start":{"line":45,"column":35},"end":{"line":45,"column":79}},"17":{"start":{"line":46,"column":8},"end":{"line":46,"column":46}},"18":{"start":{"line":50,"column":8},"end":{"line":50,"column":35}},"19":{"start":{"line":54,"column":8},"end":{"line":54,"column":53}},"20":{"start":{"line":58,"column":28},"end":{"line":58,"column":45}},"21":{"start":{"line":59,"column":31},"end":{"line":59,"column":59}},"22":{"start":{"line":61,"column":8},"end":{"line":61,"column":41}},"23":{"start":{"line":14,"column":0},"end":{"line":14,"column":13}}},"fnMap":{"0":{"name":"(anonymous_0)","decl":{"start":{"line":15,"column":4},"end":{"line":15,"column":8}},"loc":{"start":{"line":15,"column":16},"end":{"line":17,"column":5}}},"1":{"name":"(anonymous_1)","decl":{"start":{"line":18,"column":4},"end":{"line":18,"column":8}},"loc":{"start":{"line":18,"column":14},"end":{"line":20,"column":5}}},"2":{"name":"(anonymous_2)","decl":{"start":{"line":22,"column":4},"end":{"line":22,"column":24}},"loc":{"start":{"line":22,"column":63},"end":{"line":24,"column":5}}},"3":{"name":"(anonymous_3)","decl":{"start":{"line":26,"column":11},"end":{"line":26,"column":25}},"loc":{"start":{"line":26,"column":25},"end":{"line":30,"column":5}}},"4":{"name":"(anonymous_4)","decl":{"start":{"line":32,"column":11},"end":{"line":32,"column":27}},"loc":{"start":{"line":32,"column":27},"end":{"line":37,"column":5}}},"5":{"name":"(anonymous_5)","decl":{"start":{"line":39,"column":11},"end":{"line":39,"column":22}},"loc":{"start":{"line":39,"column":22},"end":{"line":42,"column":5}}},"6":{"name":"(anonymous_6)","decl":{"start":{"line":44,"column":11},"end":{"line":44,"column":23}},"loc":{"start":{"line":44,"column":23},"end":{"line":47,"column":5}}},"7":{"name":"(anonymous_7)","decl":{"start":{"line":49,"column":12},"end":{"line":49,"column":24}},"loc":{"start":{"line":49,"column":45},"end":{"line":51,"column":5}}},"8":{"name":"(anonymous_8)","decl":{"start":{"line":53,"column":11},"end":{"line":53,"column":16}},"loc":{"start":{"line":53,"column":16},"end":{"line":55,"column":5}}},"9":{"name":"(anonymous_9)","decl":{"start":{"line":57,"column":11},"end":{"line":57,"column":17}},"loc":{"start":{"line":57,"column":64},"end":{"line":62,"column":5}}}},"branchMap":{"0":{"loc":{"start":{"line":58,"column":33},"end":{"line":58,"column":38}},"type":"cond-expr","locations":[{"start":{"line":58,"column":33},"end":{"line":58,"column":38}},{"start":{"line":58,"column":41},"end":{"line":58,"column":45}}]}},"s":{"0":1,"1":1,"2":1,"3":1,"4":1,"5":1,"6":0,"7":8,"8":8,"9":1,"10":1,"11":1,"12":1,"13":1,"14":1,"15":1,"16":1,"17":1,"18":4,"19":0,"20":8,"21":8,"22":8,"23":1},"f":{"0":0,"1":8,"2":8,"3":1,"4":1,"5":1,"6":1,"7":4,"8":0,"9":8},"b":{"0":[0,8]}}
,"/home/saud/stuff/projects/app/backend/src/modules/queue/domain/doctorStatus.ts": {"path":"/home/saud/stuff/projects/app/backend/src/modules/queue/domain/doctorStatus.ts","statementMap":{"0":{"start":{"line":1,"column":0},"end":{"line":1,"column":65}},"1":{"start":{"line":2,"column":0},"end":{"line":2,"column":59}},"2":{"start":{"line":11,"column":8},"end":{"line":11,"column":21}},"3":{"start":{"line":14,"column":8},"end":{"line":14,"column":64}},"4":{"start":{"line":17,"column":29},"end":{"line":17,"column":59}},"5":{"start":{"line":18,"column":8},"end":{"line":18,"column":71}},"6":{"start":{"line":21,"column":31},"end":{"line":21,"column":63}},"7":{"start":{"line":22,"column":8},"end":{"line":22,"column":73}},"8":{"start":{"line":25,"column":28},"end":{"line":25,"column":59}},"9":{"start":{"line":26,"column":8},"end":{"line":26,"column":70}},"10":{"start":{"line":29,"column":29},"end":{"line":29,"column":59}},"11":{"start":{"line":30,"column":8},"end":{"line":30,"column":71}},"12":{"start":{"line":33,"column":8},"end":{"line":33,"column":33}},"13":{"start":{"line":36,"column":8},"end":{"line":36,"column":33}},"14":{"start":{"line":9,"column":0},"end":{"line":9,"column":13}}},"fnMap":{"0":{"name":"(anonymous_0)","decl":{"start":{"line":10,"column":4},"end":{"line":10,"column":24}},"loc":{"start":{"line":10,"column":48},"end":{"line":12,"column":5}}},"1":{"name":"(anonymous_1)","decl":{"start":{"line":13,"column":11},"end":{"line":13,"column":17}},"loc":{"start":{"line":13,"column":49},"end":{"line":15,"column":5}}},"2":{"name":"(anonymous_2)","decl":{"start":{"line":16,"column":11},"end":{"line":16,"column":17}},"loc":{"start":{"line":16,"column":36},"end":{"line":19,"column":5}}},"3":{"name":"(anonymous_3)","decl":{"start":{"line":20,"column":11},"end":{"line":20,"column":17}},"loc":{"start":{"line":20,"column":38},"end":{"line":23,"column":5}}},"4":{"name":"(anonymous_4)","decl":{"start":{"line":24,"column":11},"end":{"line":24,"column":17}},"loc":{"start":{"line":24,"column":35},"end":{"line":27,"column":5}}},"5":{"name":"(anonymous_5)","decl":{"start":{"line":28,"column":11},"end":{"line":28,"column":17}},"loc":{"start":{"line":28,"column":36},"end":{"line":31,"column":5}}},"6":{"name":"(anonymous_6)","decl":{"start":{"line":32,"column":11},"end":{"line":32,"column":19}},"loc":{"start":{"line":32,"column":19},"end":{"line":34,"column":5}}},"7":{"name":"(anonymous_7)","decl":{"start":{"line":35,"column":11},"end":{"line":35,"column":19}},"loc":{"start":{"line":35,"column":19},"end":{"line":37,"column":5}}}},"branchMap":{},"s":{"0":1,"1":1,"2":12,"3":4,"4":2,"5":2,"6":2,"7":2,"8":2,"9":2,"10":2,"11":2,"12":4,"13":4,"14":1},"f":{"0":12,"1":4,"2":2,"3":2,"4":2,"5":2,"6":4,"7":4},"b":{}}
,"/home/saud/stuff/projects/app/backend/src/modules/queue/domain/patient.ts": {"path":"/home/saud/stuff/projects/app/backend/src/modules/queue/domain/patient.ts","statementMap":{"0":{"start":{"line":1,"column":0},"end":{"line":1,"column":69}},"1":{"start":{"line":3,"column":0},"end":{"line":3,"column":59}},"2":{"start":{"line":4,"column":0},"end":{"line":4,"column":40}},"3":{"start":{"line":15,"column":8},"end":{"line":15,"column":53}},"4":{"start":{"line":18,"column":8},"end":{"line":18,"column":33}},"5":{"start":{"line":21,"column":8},"end":{"line":21,"column":40}},"6":{"start":{"line":24,"column":8},"end":{"line":24,"column":42}},"7":{"start":{"line":27,"column":8},"end":{"line":27,"column":25}},"8":{"start":{"line":31,"column":8},"end":{"line":31,"column":50}},"9":{"start":{"line":31,"column":38},"end":{"line":31,"column":50}},"10":{"start":{"line":32,"column":8},"end":{"line":32,"column":21}},"11":{"start":{"line":35,"column":8},"end":{"line":35,"column":36}},"12":{"start":{"line":38,"column":8},"end":{"line":38,"column":35}},"13":{"start":{"line":41,"column":29},"end":{"line":41,"column":46}},"14":{"start":{"line":43,"column":33},"end":{"line":43,"column":62}},"15":{"start":{"line":44,"column":8},"end":{"line":44,"column":43}},"16":{"start":{"line":13,"column":0},"end":{"line":13,"column":13}}},"fnMap":{"0":{"name":"(anonymous_0)","decl":{"start":{"line":14,"column":4},"end":{"line":14,"column":8}},"loc":{"start":{"line":14,"column":17},"end":{"line":16,"column":5}}},"1":{"name":"(anonymous_1)","decl":{"start":{"line":17,"column":4},"end":{"line":17,"column":8}},"loc":{"start":{"line":17,"column":14},"end":{"line":19,"column":5}}},"2":{"name":"(anonymous_2)","decl":{"start":{"line":20,"column":4},"end":{"line":20,"column":8}},"loc":{"start":{"line":20,"column":21},"end":{"line":22,"column":5}}},"3":{"name":"(anonymous_3)","decl":{"start":{"line":23,"column":4},"end":{"line":23,"column":8}},"loc":{"start":{"line":23,"column":36},"end":{"line":25,"column":5}}},"4":{"name":"(anonymous_4)","decl":{"start":{"line":26,"column":4},"end":{"line":26,"column":24}},"loc":{"start":{"line":26,"column":65},"end":{"line":28,"column":5}}},"5":{"name":"(anonymous_5)","decl":{"start":{"line":30,"column":11},"end":{"line":30,"column":20}},"loc":{"start":{"line":30,"column":20},"end":{"line":33,"column":5}}},"6":{"name":"(anonymous_6)","decl":{"start":{"line":34,"column":11},"end":{"line":34,"column":26}},"loc":{"start":{"line":34,"column":41},"end":{"line":36,"column":5}}},"7":{"name":"(anonymous_7)","decl":{"start":{"line":37,"column":11},"end":{"line":37,"column":23}},"loc":{"start":{"line":37,"column":45},"end":{"line":39,"column":5}}},"8":{"name":"(anonymous_8)","decl":{"start":{"line":40,"column":11},"end":{"line":40,"column":17}},"loc":{"start":{"line":40,"column":65},"end":{"line":45,"column":5}}}},"branchMap":{"0":{"loc":{"start":{"line":31,"column":8},"end":{"line":31,"column":50}},"type":"if","locations":[{"start":{"line":31,"column":8},"end":{"line":31,"column":50}},{"start":{"line":31,"column":8},"end":{"line":31,"column":50}}]},"1":{"loc":{"start":{"line":41,"column":34},"end":{"line":41,"column":39}},"type":"cond-expr","locations":[{"start":{"line":41,"column":34},"end":{"line":41,"column":39}},{"start":{"line":41,"column":42},"end":{"line":41,"column":46}}]}},"s":{"0":1,"1":1,"2":1,"3":0,"4":2,"5":2,"6":2,"7":4,"8":2,"9":1,"10":1,"11":2,"12":2,"13":4,"14":4,"15":4,"16":1},"f":{"0":0,"1":2,"2":2,"3":2,"4":4,"5":2,"6":2,"7":2,"8":4},"b":{"0":[1,1],"1":[0,4]}}
,"/home/saud/stuff/projects/app/backend/src/modules/queue/domain/patientEntryBook.ts": {"path":"/home/saud/stuff/projects/app/backend/src/modules/queue/domain/patientEntryBook.ts","statementMap":{"0":{"start":{"line":2,"column":0},"end":{"line":2,"column":59}},"1":{"start":{"line":3,"column":0},"end":{"line":3,"column":57}},"2":{"start":{"line":4,"column":0},"end":{"line":4,"column":34}},"3":{"start":{"line":6,"column":0},"end":{"line":6,"column":69}},"4":{"start":{"line":7,"column":0},"end":{"line":7,"column":67}},"5":{"start":{"line":8,"column":0},"end":{"line":8,"column":46}},"6":{"start":{"line":23,"column":8},"end":{"line":23,"column":50}},"7":{"start":{"line":26,"column":8},"end":{"line":26,"column":38}},"8":{"start":{"line":29,"column":8},"end":{"line":29,"column":92}},"9":{"start":{"line":32,"column":8},"end":{"line":32,"column":66}},"10":{"start":{"line":35,"column":8},"end":{"line":35,"column":119}},"11":{"start":{"line":39,"column":8},"end":{"line":39,"column":25}},"12":{"start":{"line":43,"column":38},"end":{"line":43,"column":55}},"13":{"start":{"line":45,"column":33},"end":{"line":45,"column":71}},"14":{"start":{"line":47,"column":28},"end":{"line":47,"column":94}},"15":{"start":{"line":48,"column":8},"end":{"line":48,"column":93}},"16":{"start":{"line":48,"column":36},"end":{"line":48,"column":93}},"17":{"start":{"line":50,"column":8},"end":{"line":50,"column":61}},"18":{"start":{"line":53,"column":29},"end":{"line":57,"column":21}},"19":{"start":{"line":58,"column":33},"end":{"line":58,"column":92}},"20":{"start":{"line":60,"column":28},"end":{"line":60,"column":94}},"21":{"start":{"line":61,"column":8},"end":{"line":61,"column":93}},"22":{"start":{"line":61,"column":36},"end":{"line":61,"column":93}},"23":{"start":{"line":63,"column":8},"end":{"line":63,"column":61}},"24":{"start":{"line":67,"column":8},"end":{"line":67,"column":59}},"25":{"start":{"line":71,"column":8},"end":{"line":71,"column":46}},"26":{"start":{"line":75,"column":27},"end":{"line":75,"column":69}},"27":{"start":{"line":77,"column":8},"end":{"line":82,"column":null}},"28":{"start":{"line":78,"column":12},"end":{"line":78,"column":52}},"29":{"start":{"line":80,"column":12},"end":{"line":80,"column":50}},"30":{"start":{"line":81,"column":12},"end":{"line":81,"column":61}},"31":{"start":{"line":84,"column":8},"end":{"line":84,"column":68}},"32":{"start":{"line":88,"column":8},"end":{"line":88,"column":70}},"33":{"start":{"line":88,"column":53},"end":{"line":88,"column":68}},"34":{"start":{"line":92,"column":26},"end":{"line":92,"column":28}},"35":{"start":{"line":93,"column":8},"end":{"line":93,"column":50}},"36":{"start":{"line":21,"column":0},"end":{"line":21,"column":13}}},"fnMap":{"0":{"name":"(anonymous_0)","decl":{"start":{"line":22,"column":4},"end":{"line":22,"column":8}},"loc":{"start":{"line":22,"column":14},"end":{"line":24,"column":5}}},"1":{"name":"(anonymous_1)","decl":{"start":{"line":25,"column":4},"end":{"line":25,"column":8}},"loc":{"start":{"line":25,"column":19},"end":{"line":27,"column":5}}},"2":{"name":"(anonymous_2)","decl":{"start":{"line":28,"column":4},"end":{"line":28,"column":8}},"loc":{"start":{"line":28,"column":26},"end":{"line":30,"column":5}}},"3":{"name":"(anonymous_3)","decl":{"start":{"line":31,"column":4},"end":{"line":31,"column":8}},"loc":{"start":{"line":31,"column":28},"end":{"line":33,"column":5}}},"4":{"name":"(anonymous_4)","decl":{"start":{"line":34,"column":4},"end":{"line":34,"column":8}},"loc":{"start":{"line":34,"column":29},"end":{"line":36,"column":5}}},"5":{"name":"(anonymous_5)","decl":{"start":{"line":38,"column":4},"end":{"line":38,"column":16}},"loc":{"start":{"line":38,"column":65},"end":{"line":40,"column":5}}},"6":{"name":"(anonymous_6)","decl":{"start":{"line":42,"column":11},"end":{"line":42,"column":17}},"loc":{"start":{"line":42,"column":74},"end":{"line":51,"column":5}}},"7":{"name":"(anonymous_7)","decl":{"start":{"line":52,"column":11},"end":{"line":52,"column":17}},"loc":{"start":{"line":52,"column":50},"end":{"line":64,"column":5}}},"8":{"name":"(anonymous_8)","decl":{"start":{"line":66,"column":11},"end":{"line":66,"column":37}},"loc":{"start":{"line":66,"column":37},"end":{"line":68,"column":5}}},"9":{"name":"(anonymous_9)","decl":{"start":{"line":70,"column":11},"end":{"line":70,"column":29}},"loc":{"start":{"line":70,"column":59},"end":{"line":72,"column":5}}},"10":{"name":"(anonymous_10)","decl":{"start":{"line":74,"column":11},"end":{"line":74,"column":28}},"loc":{"start":{"line":74,"column":76},"end":{"line":85,"column":5}}},"11":{"name":"(anonymous_11)","decl":{"start":{"line":87,"column":12},"end":{"line":87,"column":30}},"loc":{"start":{"line":87,"column":41},"end":{"line":89,"column":5}}},"12":{"name":"(anonymous_12)","decl":{"start":{"line":88,"column":42},"end":{"line":88,"column":43}},"loc":{"start":{"line":88,"column":53},"end":{"line":88,"column":68}}},"13":{"name":"(anonymous_13)","decl":{"start":{"line":91,"column":12},"end":{"line":91,"column":22}},"loc":{"start":{"line":91,"column":36},"end":{"line":94,"column":5}}}},"branchMap":{"0":{"loc":{"start":{"line":43,"column":43},"end":{"line":43,"column":48}},"type":"cond-expr","locations":[{"start":{"line":43,"column":43},"end":{"line":43,"column":48}},{"start":{"line":43,"column":51},"end":{"line":43,"column":55}}]},"1":{"loc":{"start":{"line":48,"column":8},"end":{"line":48,"column":93}},"type":"if","locations":[{"start":{"line":48,"column":8},"end":{"line":48,"column":93}},{"start":{"line":48,"column":8},"end":{"line":48,"column":93}}]},"2":{"loc":{"start":{"line":61,"column":8},"end":{"line":61,"column":93}},"type":"if","locations":[{"start":{"line":61,"column":8},"end":{"line":61,"column":93}},{"start":{"line":61,"column":8},"end":{"line":61,"column":93}}]},"3":{"loc":{"start":{"line":77,"column":8},"end":{"line":82,"column":null}},"type":"if","locations":[{"start":{"line":77,"column":8},"end":{"line":82,"column":null}},{"start":{"line":77,"column":8},"end":{"line":82,"column":null}}]},"4":{"loc":{"start":{"line":93,"column":37},"end":{"line":93,"column":42}},"type":"cond-expr","locations":[{"start":{"line":93,"column":37},"end":{"line":93,"column":42}},{"start":{"line":93,"column":45},"end":{"line":93,"column":49}}]}},"s":{"0":1,"1":1,"2":1,"3":1,"4":1,"5":1,"6":0,"7":3,"8":0,"9":0,"10":0,"11":2,"12":1,"13":1,"14":1,"15":1,"16":0,"17":1,"18":1,"19":1,"20":1,"21":1,"22":0,"23":1,"24":0,"25":1,"26":0,"27":0,"28":0,"29":0,"30":0,"31":0,"32":0,"33":0,"34":0,"35":0,"36":1},"f":{"0":0,"1":3,"2":0,"3":0,"4":0,"5":2,"6":1,"7":1,"8":0,"9":1,"10":0,"11":0,"12":0,"13":0},"b":{"0":[0,1],"1":[0,1],"2":[0,1],"3":[0,0],"4":[0,0]}}
,"/home/saud/stuff/projects/app/backend/src/modules/queue/domain/patientStats.ts": {"path":"/home/saud/stuff/projects/app/backend/src/modules/queue/domain/patientStats.ts","statementMap":{"0":{"start":{"line":1,"column":0},"end":{"line":1,"column":65}},"1":{"start":{"line":2,"column":0},"end":{"line":2,"column":59}},"2":{"start":{"line":3,"column":0},"end":{"line":3,"column":57}},"3":{"start":{"line":14,"column":8},"end":{"line":14,"column":21}},"4":{"start":{"line":17,"column":36},"end":{"line":17,"column":66}},"5":{"start":{"line":19,"column":28},"end":{"line":19,"column":100}},"6":{"start":{"line":20,"column":8},"end":{"line":20,"column":104}},"7":{"start":{"line":20,"column":36},"end":{"line":20,"column":104}},"8":{"start":{"line":22,"column":8},"end":{"line":22,"column":60}},"9":{"start":{"line":26,"column":8},"end":{"line":26,"column":42}},"10":{"start":{"line":12,"column":0},"end":{"line":12,"column":13}}},"fnMap":{"0":{"name":"(anonymous_0)","decl":{"start":{"line":13,"column":4},"end":{"line":13,"column":24}},"loc":{"start":{"line":13,"column":48},"end":{"line":15,"column":5}}},"1":{"name":"(anonymous_1)","decl":{"start":{"line":16,"column":11},"end":{"line":16,"column":17}},"loc":{"start":{"line":16,"column":49},"end":{"line":23,"column":5}}},"2":{"name":"(anonymous_2)","decl":{"start":{"line":25,"column":11},"end":{"line":25,"column":35}},"loc":{"start":{"line":25,"column":35},"end":{"line":27,"column":5}}}},"branchMap":{"0":{"loc":{"start":{"line":20,"column":8},"end":{"line":20,"column":104}},"type":"if","locations":[{"start":{"line":20,"column":8},"end":{"line":20,"column":104}},{"start":{"line":20,"column":8},"end":{"line":20,"column":104}}]}},"s":{"0":1,"1":1,"2":1,"3":2,"4":2,"5":2,"6":2,"7":0,"8":2,"9":1,"10":1},"f":{"0":2,"1":2,"2":1},"b":{"0":[0,2]}}
,"/home/saud/stuff/projects/app/backend/src/modules/queue/domain/patientStatus.ts": {"path":"/home/saud/stuff/projects/app/backend/src/modules/queue/domain/patientStatus.ts","statementMap":{"0":{"start":{"line":1,"column":0},"end":{"line":1,"column":65}},"1":{"start":{"line":2,"column":0},"end":{"line":2,"column":59}},"2":{"start":{"line":10,"column":8},"end":{"line":10,"column":21}},"3":{"start":{"line":13,"column":8},"end":{"line":13,"column":66}},"4":{"start":{"line":16,"column":62},"end":{"line":18,"column":10}},"5":{"start":{"line":19,"column":8},"end":{"line":19,"column":86}},"6":{"start":{"line":22,"column":61},"end":{"line":24,"column":10}},"7":{"start":{"line":25,"column":8},"end":{"line":25,"column":85}},"8":{"start":{"line":28,"column":61},"end":{"line":30,"column":10}},"9":{"start":{"line":31,"column":8},"end":{"line":31,"column":85}},"10":{"start":{"line":8,"column":0},"end":{"line":8,"column":13}}},"fnMap":{"0":{"name":"(anonymous_0)","decl":{"start":{"line":9,"column":4},"end":{"line":9,"column":16}},"loc":{"start":{"line":9,"column":41},"end":{"line":11,"column":5}}},"1":{"name":"(anonymous_1)","decl":{"start":{"line":12,"column":11},"end":{"line":12,"column":17}},"loc":{"start":{"line":12,"column":50},"end":{"line":14,"column":5}}},"2":{"name":"(anonymous_2)","decl":{"start":{"line":15,"column":11},"end":{"line":15,"column":17}},"loc":{"start":{"line":15,"column":37},"end":{"line":20,"column":5}}},"3":{"name":"(anonymous_3)","decl":{"start":{"line":21,"column":11},"end":{"line":21,"column":17}},"loc":{"start":{"line":21,"column":36},"end":{"line":26,"column":5}}},"4":{"name":"(anonymous_4)","decl":{"start":{"line":27,"column":11},"end":{"line":27,"column":17}},"loc":{"start":{"line":27,"column":36},"end":{"line":32,"column":5}}}},"branchMap":{},"s":{"0":1,"1":1,"2":4,"3":1,"4":1,"5":1,"6":1,"7":1,"8":1,"9":1,"10":1},"f":{"0":4,"1":1,"2":1,"3":1,"4":1},"b":{}}
,"/home/saud/stuff/projects/app/backend/src/shared/domain/UniqueEntityID.ts": {"path":"/home/saud/stuff/projects/app/backend/src/shared/domain/UniqueEntityID.ts","statementMap":{"0":{"start":{"line":1,"column":0},"end":{"line":1,"column":30}},"1":{"start":{"line":2,"column":0},"end":{"line":2,"column":42}},"2":{"start":{"line":7,"column":8},"end":{"line":7,"column":32}},"3":{"start":{"line":5,"column":0},"end":{"line":5,"column":13}}},"fnMap":{"0":{"name":"(anonymous_0)","decl":{"start":{"line":6,"column":4},"end":{"line":6,"column":16}},"loc":{"start":{"line":6,"column":23},"end":{"line":8,"column":5}}}},"branchMap":{"0":{"loc":{"start":{"line":7,"column":19},"end":{"line":7,"column":21}},"type":"cond-expr","locations":[{"start":{"line":7,"column":19},"end":{"line":7,"column":21}},{"start":{"line":7,"column":24},"end":{"line":7,"column":30}}]}},"s":{"0":3,"1":3,"2":14,"3":3},"f":{"0":14},"b":{"0":[1,13]}}
}
